PDOException: SQLSTATE[HY000] [2002] No connection could be made because the target machine actively refused it in C:\Users\mathe\Desktop\roadbuddy_php\vendor\laravel\framework\src\Illuminate\Database\Connectors\Connector.php:70
Stack trace:
#0 C:\Users\mathe\Desktop\roadbuddy_php\vendor\laravel\framework\src\Illuminate\Database\Connectors\Connector.php(70): PDO->__construct('mysql:host=loca...', 'doadmin', 'AVNS_INp3uXjsh7...', Array)
#1 C:\Users\mathe\Desktop\roadbuddy_php\vendor\laravel\framework\src\Illuminate\Database\Connectors\Connector.php(46): Illuminate\Database\Connectors\Connector->createPdoConnection('mysql:host=loca...', 'doadmin', 'AVNS_INp3uXjsh7...', Array)
#2 C:\Users\mathe\Desktop\roadbuddy_php\vendor\laravel\framework\src\Illuminate\Database\Connectors\MySqlConnector.php(24): Illuminate\Database\Connectors\Connector->createConnection('mysql:host=loca...', Array, Array)
#3 C:\Users\mathe\Desktop\roadbuddy_php\vendor\laravel\framework\src\Illuminate\Database\Connectors\ConnectionFactory.php(184): Illuminate\Database\Connectors\MySqlConnector->connect(Array)
#4 [internal function]: Illuminate\Database\Connectors\ConnectionFactory->Illuminate\Database\Connectors\{closure}()
#5 C:\Users\mathe\Desktop\roadbuddy_php\vendor\laravel\framework\src\Illuminate\Database\Connection.php(1181): call_user_func(Object(Closure))
#6 C:\Users\mathe\Desktop\roadbuddy_php\app\Http\Controllers\UserController.php(22): Illuminate\Database\Connection->getPdo()
#7 C:\Users\mathe\Desktop\roadbuddy_php\vendor\laravel\framework\src\Illuminate\Routing\Controller.php(54): App\Http\Controllers\UserController->signup(Object(Illuminate\Http\Request))
#8 C:\Users\mathe\Desktop\roadbuddy_php\vendor\laravel\framework\src\Illuminate\Routing\ControllerDispatcher.php(43): Illuminate\Routing\Controller->callAction('signup', Array)
#9 C:\Users\mathe\Desktop\roadbuddy_php\vendor\laravel\framework\src\Illuminate\Routing\Route.php(260): Illuminate\Routing\ControllerDispatcher->dispatch(Object(Illuminate\Routing\Route), Object(App\Http\Controllers\UserController), 'signup')
#10 C:\Users\mathe\Desktop\roadbuddy_php\vendor\laravel\framework\src\Illuminate\Routing\Route.php(205): Illuminate\Routing\Route->runController()
#11 C:\Users\mathe\Desktop\roadbuddy_php\vendor\laravel\framework\src\Illuminate\Routing\Router.php(798): Illuminate\Routing\Route->run()
#12 C:\Users\mathe\Desktop\roadbuddy_php\vendor\laravel\framework\src\Illuminate\Pipeline\Pipeline.php(141): Illuminate\Routing\Router->Illuminate\Routing\{closure}(Object(Illuminate\Http\Request))
#13 C:\Users\mathe\Desktop\roadbuddy_php\vendor\laravel\framework\src\Illuminate\Routing\Middleware\SubstituteBindings.php(50): Illuminate\Pipeline\Pipeline->Illuminate\Pipeline\{closure}(Object(Illuminate\Http\Request))
#14 C:\Users\mathe\Desktop\roadbuddy_php\vendor\laravel\framework\src\Illuminate\Pipeline\Pipeline.php(180): Illuminate\Routing\Middleware\SubstituteBindings->handle(Object(Illuminate\Http\Request), Object(Closure))
#15 C:\Users\mathe\Desktop\roadbuddy_php\vendor\laravel\framework\src\Illuminate\Routing\Middleware\ThrottleRequests.php(126): Illuminate\Pipeline\Pipeline->Illuminate\Pipeline\{closure}(Object(Illuminate\Http\Request))
#16 C:\Users\mathe\Desktop\roadbuddy_php\vendor\laravel\framework\src\Illuminate\Routing\Middleware\ThrottleRequests.php(102): Illuminate\Routing\Middleware\ThrottleRequests->handleRequest(Object(Illuminate\Http\Request), Object(Closure), Array)
#17 C:\Users\mathe\Desktop\roadbuddy_php\vendor\laravel\framework\src\Illuminate\Routing\Middleware\ThrottleRequests.php(54): Illuminate\Routing\Middleware\ThrottleRequests->handleRequestUsingNamedLimiter(Object(Illuminate\Http\Request), Object(Closure), 'api', Object(Closure))
#18 C:\Users\mathe\Desktop\roadbuddy_php\vendor\laravel\framework\src\Illuminate\Pipeline\Pipeline.php(180): Illuminate\Routing\Middleware\ThrottleRequests->handle(Object(Illuminate\Http\Request), Object(Closure), 'api')
#19 C:\Users\mathe\Desktop\roadbuddy_php\vendor\laravel\framework\src\Illuminate\Pipeline\Pipeline.php(116): Illuminate\Pipeline\Pipeline->Illuminate\Pipeline\{closure}(Object(Illuminate\Http\Request))
#20 C:\Users\mathe\Desktop\roadbuddy_php\vendor\laravel\framework\src\Illuminate\Routing\Router.php(799): Illuminate\Pipeline\Pipeline->then(Object(Closure))
#21 C:\Users\mathe\Desktop\roadbuddy_php\vendor\laravel\framework\src\Illuminate\Routing\Router.php(776): Illuminate\Routing\Router->runRouteWithinStack(Object(Illuminate\Routing\Route), Object(Illuminate\Http\Request))
#22 C:\Users\mathe\Desktop\roadbuddy_php\vendor\laravel\framework\src\Illuminate\Routing\Router.php(740): Illuminate\Routing\Router->runRoute(Object(Illuminate\Http\Request), Object(Illuminate\Routing\Route))
#23 C:\Users\mathe\Desktop\roadbuddy_php\vendor\laravel\framework\src\Illuminate\Routing\Router.php(729): Illuminate\Routing\Router->dispatchToRoute(Object(Illuminate\Http\Request))
#24 C:\Users\mathe\Desktop\roadbuddy_php\vendor\laravel\framework\src\Illuminate\Foundation\Http\Kernel.php(190): Illuminate\Routing\Router->dispatch(Object(Illuminate\Http\Request))
#25 C:\Users\mathe\Desktop\roadbuddy_php\vendor\laravel\framework\src\Illuminate\Pipeline\Pipeline.php(141): Illuminate\Foundation\Http\Kernel->Illuminate\Foundation\Http\{closure}(Object(Illuminate\Http\Request))
#26 C:\Users\mathe\Desktop\roadbuddy_php\vendor\laravel\framework\src\Illuminate\Foundation\Http\Middleware\TransformsRequest.php(21): Illuminate\Pipeline\Pipeline->Illuminate\Pipeline\{closure}(Object(Illuminate\Http\Request))
#27 C:\Users\mathe\Desktop\roadbuddy_php\vendor\laravel\framework\src\Illuminate\Foundation\Http\Middleware\ConvertEmptyStringsToNull.php(31): Illuminate\Foundation\Http\Middleware\TransformsRequest->handle(Object(Illuminate\Http\Request), Object(Closure))
#28 C:\Users\mathe\Desktop\roadbuddy_php\vendor\laravel\framework\src\Illuminate\Pipeline\Pipeline.php(180): Illuminate\Foundation\Http\Middleware\ConvertEmptyStringsToNull->handle(Object(Illuminate\Http\Request), Object(Closure))
#29 C:\Users\mathe\Desktop\roadbuddy_php\vendor\laravel\framework\src\Illuminate\Foundation\Http\Middleware\TransformsRequest.php(21): Illuminate\Pipeline\Pipeline->Illuminate\Pipeline\{closure}(Object(Illuminate\Http\Request))
#30 C:\Users\mathe\Desktop\roadbuddy_php\vendor\laravel\framework\src\Illuminate\Foundation\Http\Middleware\TrimStrings.php(40): Illuminate\Foundation\Http\Middleware\TransformsRequest->handle(Object(Illuminate\Http\Request), Object(Closure))
#31 C:\Users\mathe\Desktop\roadbuddy_php\vendor\laravel\framework\src\Illuminate\Pipeline\Pipeline.php(180): Illuminate\Foundation\Http\Middleware\TrimStrings->handle(Object(Illuminate\Http\Request), Object(Closure))
#32 C:\Users\mathe\Desktop\roadbuddy_php\vendor\laravel\framework\src\Illuminate\Foundation\Http\Middleware\ValidatePostSize.php(27): Illuminate\Pipeline\Pipeline->Illuminate\Pipeline\{closure}(Object(Illuminate\Http\Request))
#33 C:\Users\mathe\Desktop\roadbuddy_php\vendor\laravel\framework\src\Illuminate\Pipeline\Pipeline.php(180): Illuminate\Foundation\Http\Middleware\ValidatePostSize->handle(Object(Illuminate\Http\Request), Object(Closure))
#34 C:\Users\mathe\Desktop\roadbuddy_php\vendor\laravel\framework\src\Illuminate\Foundation\Http\Middleware\PreventRequestsDuringMaintenance.php(86): Illuminate\Pipeline\Pipeline->Illuminate\Pipeline\{closure}(Object(Illuminate\Http\Request))
#35 C:\Users\mathe\Desktop\roadbuddy_php\vendor\laravel\framework\src\Illuminate\Pipeline\Pipeline.php(180): Illuminate\Foundation\Http\Middleware\PreventRequestsDuringMaintenance->handle(Object(Illuminate\Http\Request), Object(Closure))
#36 C:\Users\mathe\Desktop\roadbuddy_php\vendor\laravel\framework\src\Illuminate\Http\Middleware\HandleCors.php(62): Illuminate\Pipeline\Pipeline->Illuminate\Pipeline\{closure}(Object(Illuminate\Http\Request))
#37 C:\Users\mathe\Desktop\roadbuddy_php\vendor\laravel\framework\src\Illuminate\Pipeline\Pipeline.php(180): Illuminate\Http\Middleware\HandleCors->handle(Object(Illuminate\Http\Request), Object(Closure))
#38 C:\Users\mathe\Desktop\roadbuddy_php\vendor\laravel\framework\src\Illuminate\Http\Middleware\TrustProxies.php(39): Illuminate\Pipeline\Pipeline->Illuminate\Pipeline\{closure}(Object(Illuminate\Http\Request))
#39 C:\Users\mathe\Desktop\roadbuddy_php\vendor\laravel\framework\src\Illuminate\Pipeline\Pipeline.php(180): Illuminate\Http\Middleware\TrustProxies->handle(Object(Illuminate\Http\Request), Object(Closure))
#40 C:\Users\mathe\Desktop\roadbuddy_php\vendor\laravel\framework\src\Illuminate\Pipeline\Pipeline.php(116): Illuminate\Pipeline\Pipeline->Illuminate\Pipeline\{closure}(Object(Illuminate\Http\Request))
#41 C:\Users\mathe\Desktop\roadbuddy_php\vendor\laravel\framework\src\Illuminate\Foundation\Http\Kernel.php(165): Illuminate\Pipeline\Pipeline->then(Object(Closure))
#42 C:\Users\mathe\Desktop\roadbuddy_php\vendor\laravel\framework\src\Illuminate\Foundation\Http\Kernel.php(134): Illuminate\Foundation\Http\Kernel->sendRequestThroughRouter(Object(Illuminate\Http\Request))
#43 C:\Users\mathe\Desktop\roadbuddy_php\public\index.php(52): Illuminate\Foundation\Http\Kernel->handle(Object(Illuminate\Http\Request))
#44 C:\Users\mathe\Desktop\roadbuddy_php\vendor\laravel\framework\src\Illuminate\Foundation\resources\server.php(16): require_once('C:\\Users\\mathe\\...')
#45 {main}PDOException: SQLSTATE[HY000] [2002] No connection could be made because the target machine actively refused it in C:\Users\mathe\Desktop\roadbuddy_php\vendor\laravel\framework\src\Illuminate\Database\Connectors\Connector.php:70
Stack trace:
#0 C:\Users\mathe\Desktop\roadbuddy_php\vendor\laravel\framework\src\Illuminate\Database\Connectors\Connector.php(70): PDO->__construct('mysql:host=127....', 'doadmin', 'AVNS_INp3uXjsh7...', Array)
#1 C:\Users\mathe\Desktop\roadbuddy_php\vendor\laravel\framework\src\Illuminate\Database\Connectors\Connector.php(46): Illuminate\Database\Connectors\Connector->createPdoConnection('mysql:host=127....', 'doadmin', 'AVNS_INp3uXjsh7...', Array)
#2 C:\Users\mathe\Desktop\roadbuddy_php\vendor\laravel\framework\src\Illuminate\Database\Connectors\MySqlConnector.php(24): Illuminate\Database\Connectors\Connector->createConnection('mysql:host=127....', Array, Array)
#3 C:\Users\mathe\Desktop\roadbuddy_php\vendor\laravel\framework\src\Illuminate\Database\Connectors\ConnectionFactory.php(184): Illuminate\Database\Connectors\MySqlConnector->connect(Array)
#4 [internal function]: Illuminate\Database\Connectors\ConnectionFactory->Illuminate\Database\Connectors\{closure}()
#5 C:\Users\mathe\Desktop\roadbuddy_php\vendor\laravel\framework\src\Illuminate\Database\Connection.php(1181): call_user_func(Object(Closure))
#6 C:\Users\mathe\Desktop\roadbuddy_php\storage\framework\views\4fd784454c3c6e5d9dff9850b7f37e01faaa74ed.php(12): Illuminate\Database\Connection->getPdo()
#7 C:\Users\mathe\Desktop\roadbuddy_php\vendor\laravel\framework\src\Illuminate\Filesystem\Filesystem.php(109): require('C:\\Users\\mathe\\...')
#8 C:\Users\mathe\Desktop\roadbuddy_php\vendor\laravel\framework\src\Illuminate\Filesystem\Filesystem.php(110): Illuminate\Filesystem\Filesystem::Illuminate\Filesystem\{closure}()
#9 C:\Users\mathe\Desktop\roadbuddy_php\vendor\laravel\framework\src\Illuminate\View\Engines\PhpEngine.php(58): Illuminate\Filesystem\Filesystem->getRequire('C:\\Users\\mathe\\...', Array)
#10 C:\Users\mathe\Desktop\roadbuddy_php\vendor\laravel\framework\src\Illuminate\View\Engines\CompilerEngine.php(70): Illuminate\View\Engines\PhpEngine->evaluatePath('C:\\Users\\mathe\\...', Array)
#11 C:\Users\mathe\Desktop\roadbuddy_php\vendor\laravel\framework\src\Illuminate\View\View.php(195): Illuminate\View\Engines\CompilerEngine->get('C:\\Users\\mathe\\...', Array)
#12 C:\Users\mathe\Desktop\roadbuddy_php\vendor\laravel\framework\src\Illuminate\View\View.php(178): Illuminate\View\View->getContents()
#13 C:\Users\mathe\Desktop\roadbuddy_php\vendor\laravel\framework\src\Illuminate\View\View.php(147): Illuminate\View\View->renderContents()
#14 C:\Users\mathe\Desktop\roadbuddy_php\vendor\laravel\framework\src\Illuminate\Http\Response.php(69): Illuminate\View\View->render()
#15 C:\Users\mathe\Desktop\roadbuddy_php\vendor\laravel\framework\src\Illuminate\Http\Response.php(35): Illuminate\Http\Response->setContent(Object(Illuminate\View\View))
#16 C:\Users\mathe\Desktop\roadbuddy_php\vendor\laravel\framework\src\Illuminate\Routing\Router.php(906): Illuminate\Http\Response->__construct(Object(Illuminate\View\View), 200, Array)
#17 C:\Users\mathe\Desktop\roadbuddy_php\vendor\laravel\framework\src\Illuminate\Routing\Router.php(875): Illuminate\Routing\Router::toResponse(Object(Illuminate\Http\Request), Object(Illuminate\View\View))
#18 C:\Users\mathe\Desktop\roadbuddy_php\vendor\laravel\framework\src\Illuminate\Routing\Router.php(798): Illuminate\Routing\Router->prepareResponse(Object(Illuminate\Http\Request), Object(Illuminate\View\View))
#19 C:\Users\mathe\Desktop\roadbuddy_php\vendor\laravel\framework\src\Illuminate\Pipeline\Pipeline.php(141): Illuminate\Routing\Router->Illuminate\Routing\{closure}(Object(Illuminate\Http\Request))
#20 C:\Users\mathe\Desktop\roadbuddy_php\vendor\laravel\framework\src\Illuminate\Routing\Middleware\SubstituteBindings.php(50): Illuminate\Pipeline\Pipeline->Illuminate\Pipeline\{closure}(Object(Illuminate\Http\Request))
#21 C:\Users\mathe\Desktop\roadbuddy_php\vendor\laravel\framework\src\Illuminate\Pipeline\Pipeline.php(180): Illuminate\Routing\Middleware\SubstituteBindings->handle(Object(Illuminate\Http\Request), Object(Closure))
#22 C:\Users\mathe\Desktop\roadbuddy_php\vendor\laravel\framework\src\Illuminate\Foundation\Http\Middleware\VerifyCsrfToken.php(78): Illuminate\Pipeline\Pipeline->Illuminate\Pipeline\{closure}(Object(Illuminate\Http\Request))
#23 C:\Users\mathe\Desktop\roadbuddy_php\vendor\laravel\framework\src\Illuminate\Pipeline\Pipeline.php(180): Illuminate\Foundation\Http\Middleware\VerifyCsrfToken->handle(Object(Illuminate\Http\Request), Object(Closure))
#24 C:\Users\mathe\Desktop\roadbuddy_php\vendor\laravel\framework\src\Illuminate\View\Middleware\ShareErrorsFromSession.php(49): Illuminate\Pipeline\Pipeline->Illuminate\Pipeline\{closure}(Object(Illuminate\Http\Request))
#25 C:\Users\mathe\Desktop\roadbuddy_php\vendor\laravel\framework\src\Illuminate\Pipeline\Pipeline.php(180): Illuminate\View\Middleware\ShareErrorsFromSession->handle(Object(Illuminate\Http\Request), Object(Closure))
#26 C:\Users\mathe\Desktop\roadbuddy_php\vendor\laravel\framework\src\Illuminate\Session\Middleware\StartSession.php(121): Illuminate\Pipeline\Pipeline->Illuminate\Pipeline\{closure}(Object(Illuminate\Http\Request))
#27 C:\Users\mathe\Desktop\roadbuddy_php\vendor\laravel\framework\src\Illuminate\Session\Middleware\StartSession.php(64): Illuminate\Session\Middleware\StartSession->handleStatefulRequest(Object(Illuminate\Http\Request), Object(Illuminate\Session\Store), Object(Closure))
#28 C:\Users\mathe\Desktop\roadbuddy_php\vendor\laravel\framework\src\Illuminate\Pipeline\Pipeline.php(180): Illuminate\Session\Middleware\StartSession->handle(Object(Illuminate\Http\Request), Object(Closure))
#29 C:\Users\mathe\Desktop\roadbuddy_php\vendor\laravel\framework\src\Illuminate\Cookie\Middleware\AddQueuedCookiesToResponse.php(37): Illuminate\Pipeline\Pipeline->Illuminate\Pipeline\{closure}(Object(Illuminate\Http\Request))
#30 C:\Users\mathe\Desktop\roadbuddy_php\vendor\laravel\framework\src\Illuminate\Pipeline\Pipeline.php(180): Illuminate\Cookie\Middleware\AddQueuedCookiesToResponse->handle(Object(Illuminate\Http\Request), Object(Closure))
#31 C:\Users\mathe\Desktop\roadbuddy_php\vendor\laravel\framework\src\Illuminate\Cookie\Middleware\EncryptCookies.php(67): Illuminate\Pipeline\Pipeline->Illuminate\Pipeline\{closure}(Object(Illuminate\Http\Request))
#32 C:\Users\mathe\Desktop\roadbuddy_php\vendor\laravel\framework\src\Illuminate\Pipeline\Pipeline.php(180): Illuminate\Cookie\Middleware\EncryptCookies->handle(Object(Illuminate\Http\Request), Object(Closure))
#33 C:\Users\mathe\Desktop\roadbuddy_php\vendor\laravel\framework\src\Illuminate\Pipeline\Pipeline.php(116): Illuminate\Pipeline\Pipeline->Illuminate\Pipeline\{closure}(Object(Illuminate\Http\Request))
#34 C:\Users\mathe\Desktop\roadbuddy_php\vendor\laravel\framework\src\Illuminate\Routing\Router.php(799): Illuminate\Pipeline\Pipeline->then(Object(Closure))
#35 C:\Users\mathe\Desktop\roadbuddy_php\vendor\laravel\framework\src\Illuminate\Routing\Router.php(776): Illuminate\Routing\Router->runRouteWithinStack(Object(Illuminate\Routing\Route), Object(Illuminate\Http\Request))
#36 C:\Users\mathe\Desktop\roadbuddy_php\vendor\laravel\framework\src\Illuminate\Routing\Router.php(740): Illuminate\Routing\Router->runRoute(Object(Illuminate\Http\Request), Object(Illuminate\Routing\Route))
#37 C:\Users\mathe\Desktop\roadbuddy_php\vendor\laravel\framework\src\Illuminate\Routing\Router.php(729): Illuminate\Routing\Router->dispatchToRoute(Object(Illuminate\Http\Request))
#38 C:\Users\mathe\Desktop\roadbuddy_php\vendor\laravel\framework\src\Illuminate\Foundation\Http\Kernel.php(190): Illuminate\Routing\Router->dispatch(Object(Illuminate\Http\Request))
#39 C:\Users\mathe\Desktop\roadbuddy_php\vendor\laravel\framework\src\Illuminate\Pipeline\Pipeline.php(141): Illuminate\Foundation\Http\Kernel->Illuminate\Foundation\Http\{closure}(Object(Illuminate\Http\Request))
#40 C:\Users\mathe\Desktop\roadbuddy_php\vendor\laravel\framework\src\Illuminate\Foundation\Http\Middleware\TransformsRequest.php(21): Illuminate\Pipeline\Pipeline->Illuminate\Pipeline\{closure}(Object(Illuminate\Http\Request))
#41 C:\Users\mathe\Desktop\roadbuddy_php\vendor\laravel\framework\src\Illuminate\Foundation\Http\Middleware\ConvertEmptyStringsToNull.php(31): Illuminate\Foundation\Http\Middleware\TransformsRequest->handle(Object(Illuminate\Http\Request), Object(Closure))
#42 C:\Users\mathe\Desktop\roadbuddy_php\vendor\laravel\framework\src\Illuminate\Pipeline\Pipeline.php(180): Illuminate\Foundation\Http\Middleware\ConvertEmptyStringsToNull->handle(Object(Illuminate\Http\Request), Object(Closure))
#43 C:\Users\mathe\Desktop\roadbuddy_php\vendor\laravel\framework\src\Illuminate\Foundation\Http\Middleware\TransformsRequest.php(21): Illuminate\Pipeline\Pipeline->Illuminate\Pipeline\{closure}(Object(Illuminate\Http\Request))
#44 C:\Users\mathe\Desktop\roadbuddy_php\vendor\laravel\framework\src\Illuminate\Foundation\Http\Middleware\TrimStrings.php(40): Illuminate\Foundation\Http\Middleware\TransformsRequest->handle(Object(Illuminate\Http\Request), Object(Closure))
#45 C:\Users\mathe\Desktop\roadbuddy_php\vendor\laravel\framework\src\Illuminate\Pipeline\Pipeline.php(180): Illuminate\Foundation\Http\Middleware\TrimStrings->handle(Object(Illuminate\Http\Request), Object(Closure))
#46 C:\Users\mathe\Desktop\roadbuddy_php\vendor\laravel\framework\src\Illuminate\Foundation\Http\Middleware\ValidatePostSize.php(27): Illuminate\Pipeline\Pipeline->Illuminate\Pipeline\{closure}(Object(Illuminate\Http\Request))
#47 C:\Users\mathe\Desktop\roadbuddy_php\vendor\laravel\framework\src\Illuminate\Pipeline\Pipeline.php(180): Illuminate\Foundation\Http\Middleware\ValidatePostSize->handle(Object(Illuminate\Http\Request), Object(Closure))
#48 C:\Users\mathe\Desktop\roadbuddy_php\vendor\laravel\framework\src\Illuminate\Foundation\Http\Middleware\PreventRequestsDuringMaintenance.php(86): Illuminate\Pipeline\Pipeline->Illuminate\Pipeline\{closure}(Object(Illuminate\Http\Request))
#49 C:\Users\mathe\Desktop\roadbuddy_php\vendor\laravel\framework\src\Illuminate\Pipeline\Pipeline.php(180): Illuminate\Foundation\Http\Middleware\PreventRequestsDuringMaintenance->handle(Object(Illuminate\Http\Request), Object(Closure))
#50 C:\Users\mathe\Desktop\roadbuddy_php\vendor\laravel\framework\src\Illuminate\Http\Middleware\HandleCors.php(49): Illuminate\Pipeline\Pipeline->Illuminate\Pipeline\{closure}(Object(Illuminate\Http\Request))
#51 C:\Users\mathe\Desktop\roadbuddy_php\vendor\laravel\framework\src\Illuminate\Pipeline\Pipeline.php(180): Illuminate\Http\Middleware\HandleCors->handle(Object(Illuminate\Http\Request), Object(Closure))
#52 C:\Users\mathe\Desktop\roadbuddy_php\vendor\laravel\framework\src\Illuminate\Http\Middleware\TrustProxies.php(39): Illuminate\Pipeline\Pipeline->Illuminate\Pipeline\{closure}(Object(Illuminate\Http\Request))
#53 C:\Users\mathe\Desktop\roadbuddy_php\vendor\laravel\framework\src\Illuminate\Pipeline\Pipeline.php(180): Illuminate\Http\Middleware\TrustProxies->handle(Object(Illuminate\Http\Request), Object(Closure))
#54 C:\Users\mathe\Desktop\roadbuddy_php\vendor\laravel\framework\src\Illuminate\Pipeline\Pipeline.php(116): Illuminate\Pipeline\Pipeline->Illuminate\Pipeline\{closure}(Object(Illuminate\Http\Request))
#55 C:\Users\mathe\Desktop\roadbuddy_php\vendor\laravel\framework\src\Illuminate\Foundation\Http\Kernel.php(165): Illuminate\Pipeline\Pipeline->then(Object(Closure))
#56 C:\Users\mathe\Desktop\roadbuddy_php\vendor\laravel\framework\src\Illuminate\Foundation\Http\Kernel.php(134): Illuminate\Foundation\Http\Kernel->sendRequestThroughRouter(Object(Illuminate\Http\Request))
#57 C:\Users\mathe\Desktop\roadbuddy_php\public\index.php(52): Illuminate\Foundation\Http\Kernel->handle(Object(Illuminate\Http\Request))
#58 C:\Users\mathe\Desktop\roadbuddy_php\vendor\laravel\framework\src\Illuminate\Foundation\resources\server.php(16): require_once('C:\\Users\\mathe\\...')
#59 {main}PDOException: SQLSTATE[HY000] [2002] No connection could be made because the target machine actively refused it in C:\Users\mathe\Desktop\roadbuddy_php\vendor\laravel\framework\src\Illuminate\Database\Connectors\Connector.php:70
Stack trace:
#0 C:\Users\mathe\Desktop\roadbuddy_php\vendor\laravel\framework\src\Illuminate\Database\Connectors\Connector.php(70): PDO->__construct('mysql:host=127....', 'doadmin', 'AVNS_INp3uXjsh7...', Array)
#1 C:\Users\mathe\Desktop\roadbuddy_php\vendor\laravel\framework\src\Illuminate\Database\Connectors\Connector.php(46): Illuminate\Database\Connectors\Connector->createPdoConnection('mysql:host=127....', 'doadmin', 'AVNS_INp3uXjsh7...', Array)
#2 C:\Users\mathe\Desktop\roadbuddy_php\vendor\laravel\framework\src\Illuminate\Database\Connectors\MySqlConnector.php(24): Illuminate\Database\Connectors\Connector->createConnection('mysql:host=127....', Array, Array)
#3 C:\Users\mathe\Desktop\roadbuddy_php\vendor\laravel\framework\src\Illuminate\Database\Connectors\ConnectionFactory.php(184): Illuminate\Database\Connectors\MySqlConnector->connect(Array)
#4 [internal function]: Illuminate\Database\Connectors\ConnectionFactory->Illuminate\Database\Connectors\{closure}()
#5 C:\Users\mathe\Desktop\roadbuddy_php\vendor\laravel\framework\src\Illuminate\Database\Connection.php(1181): call_user_func(Object(Closure))
#6 C:\Users\mathe\Desktop\roadbuddy_php\storage\framework\views\4fd784454c3c6e5d9dff9850b7f37e01faaa74ed.php(12): Illuminate\Database\Connection->getPdo()
#7 C:\Users\mathe\Desktop\roadbuddy_php\vendor\laravel\framework\src\Illuminate\Filesystem\Filesystem.php(109): require('C:\\Users\\mathe\\...')
#8 C:\Users\mathe\Desktop\roadbuddy_php\vendor\laravel\framework\src\Illuminate\Filesystem\Filesystem.php(110): Illuminate\Filesystem\Filesystem::Illuminate\Filesystem\{closure}()
#9 C:\Users\mathe\Desktop\roadbuddy_php\vendor\laravel\framework\src\Illuminate\View\Engines\PhpEngine.php(58): Illuminate\Filesystem\Filesystem->getRequire('C:\\Users\\mathe\\...', Array)
#10 C:\Users\mathe\Desktop\roadbuddy_php\vendor\laravel\framework\src\Illuminate\View\Engines\CompilerEngine.php(70): Illuminate\View\Engines\PhpEngine->evaluatePath('C:\\Users\\mathe\\...', Array)
#11 C:\Users\mathe\Desktop\roadbuddy_php\vendor\laravel\framework\src\Illuminate\View\View.php(195): Illuminate\View\Engines\CompilerEngine->get('C:\\Users\\mathe\\...', Array)
#12 C:\Users\mathe\Desktop\roadbuddy_php\vendor\laravel\framework\src\Illuminate\View\View.php(178): Illuminate\View\View->getContents()
#13 C:\Users\mathe\Desktop\roadbuddy_php\vendor\laravel\framework\src\Illuminate\View\View.php(147): Illuminate\View\View->renderContents()
#14 C:\Users\mathe\Desktop\roadbuddy_php\vendor\laravel\framework\src\Illuminate\Http\Response.php(69): Illuminate\View\View->render()
#15 C:\Users\mathe\Desktop\roadbuddy_php\vendor\laravel\framework\src\Illuminate\Http\Response.php(35): Illuminate\Http\Response->setContent(Object(Illuminate\View\View))
#16 C:\Users\mathe\Desktop\roadbuddy_php\vendor\laravel\framework\src\Illuminate\Routing\Router.php(906): Illuminate\Http\Response->__construct(Object(Illuminate\View\View), 200, Array)
#17 C:\Users\mathe\Desktop\roadbuddy_php\vendor\laravel\framework\src\Illuminate\Routing\Router.php(875): Illuminate\Routing\Router::toResponse(Object(Illuminate\Http\Request), Object(Illuminate\View\View))
#18 C:\Users\mathe\Desktop\roadbuddy_php\vendor\laravel\framework\src\Illuminate\Routing\Router.php(798): Illuminate\Routing\Router->prepareResponse(Object(Illuminate\Http\Request), Object(Illuminate\View\View))
#19 C:\Users\mathe\Desktop\roadbuddy_php\vendor\laravel\framework\src\Illuminate\Pipeline\Pipeline.php(141): Illuminate\Routing\Router->Illuminate\Routing\{closure}(Object(Illuminate\Http\Request))
#20 C:\Users\mathe\Desktop\roadbuddy_php\vendor\laravel\framework\src\Illuminate\Routing\Middleware\SubstituteBindings.php(50): Illuminate\Pipeline\Pipeline->Illuminate\Pipeline\{closure}(Object(Illuminate\Http\Request))
#21 C:\Users\mathe\Desktop\roadbuddy_php\vendor\laravel\framework\src\Illuminate\Pipeline\Pipeline.php(180): Illuminate\Routing\Middleware\SubstituteBindings->handle(Object(Illuminate\Http\Request), Object(Closure))
#22 C:\Users\mathe\Desktop\roadbuddy_php\vendor\laravel\framework\src\Illuminate\Foundation\Http\Middleware\VerifyCsrfToken.php(78): Illuminate\Pipeline\Pipeline->Illuminate\Pipeline\{closure}(Object(Illuminate\Http\Request))
#23 C:\Users\mathe\Desktop\roadbuddy_php\vendor\laravel\framework\src\Illuminate\Pipeline\Pipeline.php(180): Illuminate\Foundation\Http\Middleware\VerifyCsrfToken->handle(Object(Illuminate\Http\Request), Object(Closure))
#24 C:\Users\mathe\Desktop\roadbuddy_php\vendor\laravel\framework\src\Illuminate\View\Middleware\ShareErrorsFromSession.php(49): Illuminate\Pipeline\Pipeline->Illuminate\Pipeline\{closure}(Object(Illuminate\Http\Request))
#25 C:\Users\mathe\Desktop\roadbuddy_php\vendor\laravel\framework\src\Illuminate\Pipeline\Pipeline.php(180): Illuminate\View\Middleware\ShareErrorsFromSession->handle(Object(Illuminate\Http\Request), Object(Closure))
#26 C:\Users\mathe\Desktop\roadbuddy_php\vendor\laravel\framework\src\Illuminate\Session\Middleware\StartSession.php(121): Illuminate\Pipeline\Pipeline->Illuminate\Pipeline\{closure}(Object(Illuminate\Http\Request))
#27 C:\Users\mathe\Desktop\roadbuddy_php\vendor\laravel\framework\src\Illuminate\Session\Middleware\StartSession.php(64): Illuminate\Session\Middleware\StartSession->handleStatefulRequest(Object(Illuminate\Http\Request), Object(Illuminate\Session\Store), Object(Closure))
#28 C:\Users\mathe\Desktop\roadbuddy_php\vendor\laravel\framework\src\Illuminate\Pipeline\Pipeline.php(180): Illuminate\Session\Middleware\StartSession->handle(Object(Illuminate\Http\Request), Object(Closure))
#29 C:\Users\mathe\Desktop\roadbuddy_php\vendor\laravel\framework\src\Illuminate\Cookie\Middleware\AddQueuedCookiesToResponse.php(37): Illuminate\Pipeline\Pipeline->Illuminate\Pipeline\{closure}(Object(Illuminate\Http\Request))
#30 C:\Users\mathe\Desktop\roadbuddy_php\vendor\laravel\framework\src\Illuminate\Pipeline\Pipeline.php(180): Illuminate\Cookie\Middleware\AddQueuedCookiesToResponse->handle(Object(Illuminate\Http\Request), Object(Closure))
#31 C:\Users\mathe\Desktop\roadbuddy_php\vendor\laravel\framework\src\Illuminate\Cookie\Middleware\EncryptCookies.php(67): Illuminate\Pipeline\Pipeline->Illuminate\Pipeline\{closure}(Object(Illuminate\Http\Request))
#32 C:\Users\mathe\Desktop\roadbuddy_php\vendor\laravel\framework\src\Illuminate\Pipeline\Pipeline.php(180): Illuminate\Cookie\Middleware\EncryptCookies->handle(Object(Illuminate\Http\Request), Object(Closure))
#33 C:\Users\mathe\Desktop\roadbuddy_php\vendor\laravel\framework\src\Illuminate\Pipeline\Pipeline.php(116): Illuminate\Pipeline\Pipeline->Illuminate\Pipeline\{closure}(Object(Illuminate\Http\Request))
#34 C:\Users\mathe\Desktop\roadbuddy_php\vendor\laravel\framework\src\Illuminate\Routing\Router.php(799): Illuminate\Pipeline\Pipeline->then(Object(Closure))
#35 C:\Users\mathe\Desktop\roadbuddy_php\vendor\laravel\framework\src\Illuminate\Routing\Router.php(776): Illuminate\Routing\Router->runRouteWithinStack(Object(Illuminate\Routing\Route), Object(Illuminate\Http\Request))
#36 C:\Users\mathe\Desktop\roadbuddy_php\vendor\laravel\framework\src\Illuminate\Routing\Router.php(740): Illuminate\Routing\Router->runRoute(Object(Illuminate\Http\Request), Object(Illuminate\Routing\Route))
#37 C:\Users\mathe\Desktop\roadbuddy_php\vendor\laravel\framework\src\Illuminate\Routing\Router.php(729): Illuminate\Routing\Router->dispatchToRoute(Object(Illuminate\Http\Request))
#38 C:\Users\mathe\Desktop\roadbuddy_php\vendor\laravel\framework\src\Illuminate\Foundation\Http\Kernel.php(190): Illuminate\Routing\Router->dispatch(Object(Illuminate\Http\Request))
#39 C:\Users\mathe\Desktop\roadbuddy_php\vendor\laravel\framework\src\Illuminate\Pipeline\Pipeline.php(141): Illuminate\Foundation\Http\Kernel->Illuminate\Foundation\Http\{closure}(Object(Illuminate\Http\Request))
#40 C:\Users\mathe\Desktop\roadbuddy_php\vendor\laravel\framework\src\Illuminate\Foundation\Http\Middleware\TransformsRequest.php(21): Illuminate\Pipeline\Pipeline->Illuminate\Pipeline\{closure}(Object(Illuminate\Http\Request))
#41 C:\Users\mathe\Desktop\roadbuddy_php\vendor\laravel\framework\src\Illuminate\Foundation\Http\Middleware\ConvertEmptyStringsToNull.php(31): Illuminate\Foundation\Http\Middleware\TransformsRequest->handle(Object(Illuminate\Http\Request), Object(Closure))
#42 C:\Users\mathe\Desktop\roadbuddy_php\vendor\laravel\framework\src\Illuminate\Pipeline\Pipeline.php(180): Illuminate\Foundation\Http\Middleware\ConvertEmptyStringsToNull->handle(Object(Illuminate\Http\Request), Object(Closure))
#43 C:\Users\mathe\Desktop\roadbuddy_php\vendor\laravel\framework\src\Illuminate\Foundation\Http\Middleware\TransformsRequest.php(21): Illuminate\Pipeline\Pipeline->Illuminate\Pipeline\{closure}(Object(Illuminate\Http\Request))
#44 C:\Users\mathe\Desktop\roadbuddy_php\vendor\laravel\framework\src\Illuminate\Foundation\Http\Middleware\TrimStrings.php(40): Illuminate\Foundation\Http\Middleware\TransformsRequest->handle(Object(Illuminate\Http\Request), Object(Closure))
#45 C:\Users\mathe\Desktop\roadbuddy_php\vendor\laravel\framework\src\Illuminate\Pipeline\Pipeline.php(180): Illuminate\Foundation\Http\Middleware\TrimStrings->handle(Object(Illuminate\Http\Request), Object(Closure))
#46 C:\Users\mathe\Desktop\roadbuddy_php\vendor\laravel\framework\src\Illuminate\Foundation\Http\Middleware\ValidatePostSize.php(27): Illuminate\Pipeline\Pipeline->Illuminate\Pipeline\{closure}(Object(Illuminate\Http\Request))
#47 C:\Users\mathe\Desktop\roadbuddy_php\vendor\laravel\framework\src\Illuminate\Pipeline\Pipeline.php(180): Illuminate\Foundation\Http\Middleware\ValidatePostSize->handle(Object(Illuminate\Http\Request), Object(Closure))
#48 C:\Users\mathe\Desktop\roadbuddy_php\vendor\laravel\framework\src\Illuminate\Foundation\Http\Middleware\PreventRequestsDuringMaintenance.php(86): Illuminate\Pipeline\Pipeline->Illuminate\Pipeline\{closure}(Object(Illuminate\Http\Request))
#49 C:\Users\mathe\Desktop\roadbuddy_php\vendor\laravel\framework\src\Illuminate\Pipeline\Pipeline.php(180): Illuminate\Foundation\Http\Middleware\PreventRequestsDuringMaintenance->handle(Object(Illuminate\Http\Request), Object(Closure))
#50 C:\Users\mathe\Desktop\roadbuddy_php\vendor\laravel\framework\src\Illuminate\Http\Middleware\HandleCors.php(49): Illuminate\Pipeline\Pipeline->Illuminate\Pipeline\{closure}(Object(Illuminate\Http\Request))
#51 C:\Users\mathe\Desktop\roadbuddy_php\vendor\laravel\framework\src\Illuminate\Pipeline\Pipeline.php(180): Illuminate\Http\Middleware\HandleCors->handle(Object(Illuminate\Http\Request), Object(Closure))
#52 C:\Users\mathe\Desktop\roadbuddy_php\vendor\laravel\framework\src\Illuminate\Http\Middleware\TrustProxies.php(39): Illuminate\Pipeline\Pipeline->Illuminate\Pipeline\{closure}(Object(Illuminate\Http\Request))
#53 C:\Users\mathe\Desktop\roadbuddy_php\vendor\laravel\framework\src\Illuminate\Pipeline\Pipeline.php(180): Illuminate\Http\Middleware\TrustProxies->handle(Object(Illuminate\Http\Request), Object(Closure))
#54 C:\Users\mathe\Desktop\roadbuddy_php\vendor\laravel\framework\src\Illuminate\Pipeline\Pipeline.php(116): Illuminate\Pipeline\Pipeline->Illuminate\Pipeline\{closure}(Object(Illuminate\Http\Request))
#55 C:\Users\mathe\Desktop\roadbuddy_php\vendor\laravel\framework\src\Illuminate\Foundation\Http\Kernel.php(165): Illuminate\Pipeline\Pipeline->then(Object(Closure))
#56 C:\Users\mathe\Desktop\roadbuddy_php\vendor\laravel\framework\src\Illuminate\Foundation\Http\Kernel.php(134): Illuminate\Foundation\Http\Kernel->sendRequestThroughRouter(Object(Illuminate\Http\Request))
#57 C:\Users\mathe\Desktop\roadbuddy_php\public\index.php(52): Illuminate\Foundation\Http\Kernel->handle(Object(Illuminate\Http\Request))
#58 C:\Users\mathe\Desktop\roadbuddy_php\vendor\laravel\framework\src\Illuminate\Foundation\resources\server.php(16): require_once('C:\\Users\\mathe\\...')
#59 {main}PDOException: SQLSTATE[HY000] [2002] No connection could be made because the target machine actively refused it in C:\Users\mathe\Desktop\roadbuddy_php\vendor\laravel\framework\src\Illuminate\Database\Connectors\Connector.php:70
Stack trace:
#0 C:\Users\mathe\Desktop\roadbuddy_php\vendor\laravel\framework\src\Illuminate\Database\Connectors\Connector.php(70): PDO->__construct('mysql:host=loca...', 'doadmin', 'AVNS_INp3uXjsh7...', Array)
#1 C:\Users\mathe\Desktop\roadbuddy_php\vendor\laravel\framework\src\Illuminate\Database\Connectors\Connector.php(46): Illuminate\Database\Connectors\Connector->createPdoConnection('mysql:host=loca...', 'doadmin', 'AVNS_INp3uXjsh7...', Array)
#2 C:\Users\mathe\Desktop\roadbuddy_php\vendor\laravel\framework\src\Illuminate\Database\Connectors\MySqlConnector.php(24): Illuminate\Database\Connectors\Connector->createConnection('mysql:host=loca...', Array, Array)
#3 C:\Users\mathe\Desktop\roadbuddy_php\vendor\laravel\framework\src\Illuminate\Database\Connectors\ConnectionFactory.php(184): Illuminate\Database\Connectors\MySqlConnector->connect(Array)
#4 [internal function]: Illuminate\Database\Connectors\ConnectionFactory->Illuminate\Database\Connectors\{closure}()
#5 C:\Users\mathe\Desktop\roadbuddy_php\vendor\laravel\framework\src\Illuminate\Database\Connection.php(1181): call_user_func(Object(Closure))
#6 C:\Users\mathe\Desktop\roadbuddy_php\routes\api.php(20): Illuminate\Database\Connection->getPdo()
#7 C:\Users\mathe\Desktop\roadbuddy_php\vendor\laravel\framework\src\Illuminate\Routing\RouteFileRegistrar.php(35): require('C:\\Users\\mathe\\...')
#8 C:\Users\mathe\Desktop\roadbuddy_php\vendor\laravel\framework\src\Illuminate\Routing\Router.php(503): Illuminate\Routing\RouteFileRegistrar->register('C:\\Users\\mathe\\...')
#9 C:\Users\mathe\Desktop\roadbuddy_php\vendor\laravel\framework\src\Illuminate\Routing\Router.php(457): Illuminate\Routing\Router->loadRoutes('C:\\Users\\mathe\\...')
#10 C:\Users\mathe\Desktop\roadbuddy_php\vendor\laravel\framework\src\Illuminate\Routing\RouteRegistrar.php(192): Illuminate\Routing\Router->group(Array, 'C:\\Users\\mathe\\...')
#11 C:\Users\mathe\Desktop\roadbuddy_php\app\Providers\RouteServiceProvider.php(34): Illuminate\Routing\RouteRegistrar->group('C:\\Users\\mathe\\...')
#12 C:\Users\mathe\Desktop\roadbuddy_php\vendor\laravel\framework\src\Illuminate\Container\BoundMethod.php(36): App\Providers\RouteServiceProvider->App\Providers\{closure}()
#13 C:\Users\mathe\Desktop\roadbuddy_php\vendor\laravel\framework\src\Illuminate\Container\Util.php(41): Illuminate\Container\BoundMethod::Illuminate\Container\{closure}()
#14 C:\Users\mathe\Desktop\roadbuddy_php\vendor\laravel\framework\src\Illuminate\Container\BoundMethod.php(81): Illuminate\Container\Util::unwrapIfClosure(Object(Closure))
#15 C:\Users\mathe\Desktop\roadbuddy_php\vendor\laravel\framework\src\Illuminate\Container\BoundMethod.php(37): Illuminate\Container\BoundMethod::callBoundMethod(Object(Illuminate\Foundation\Application), Object(Closure), Object(Closure))
#16 C:\Users\mathe\Desktop\roadbuddy_php\vendor\laravel\framework\src\Illuminate\Container\Container.php(661): Illuminate\Container\BoundMethod::call(Object(Illuminate\Foundation\Application), Object(Closure), Array, NULL)
#17 C:\Users\mathe\Desktop\roadbuddy_php\vendor\laravel\framework\src\Illuminate\Foundation\Support\Providers\RouteServiceProvider.php(120): Illuminate\Container\Container->call(Object(Closure))
#18 C:\Users\mathe\Desktop\roadbuddy_php\vendor\laravel\framework\src\Illuminate\Foundation\Support\Providers\RouteServiceProvider.php(45): Illuminate\Foundation\Support\Providers\RouteServiceProvider->loadRoutes()
#19 C:\Users\mathe\Desktop\roadbuddy_php\vendor\laravel\framework\src\Illuminate\Container\BoundMethod.php(36): Illuminate\Foundation\Support\Providers\RouteServiceProvider->Illuminate\Foundation\Support\Providers\{closure}()
#20 C:\Users\mathe\Desktop\roadbuddy_php\vendor\laravel\framework\src\Illuminate\Container\Util.php(41): Illuminate\Container\BoundMethod::Illuminate\Container\{closure}()
#21 C:\Users\mathe\Desktop\roadbuddy_php\vendor\laravel\framework\src\Illuminate\Container\BoundMethod.php(81): Illuminate\Container\Util::unwrapIfClosure(Object(Closure))
#22 C:\Users\mathe\Desktop\roadbuddy_php\vendor\laravel\framework\src\Illuminate\Container\BoundMethod.php(37): Illuminate\Container\BoundMethod::callBoundMethod(Object(Illuminate\Foundation\Application), Object(Closure), Object(Closure))
#23 C:\Users\mathe\Desktop\roadbuddy_php\vendor\laravel\framework\src\Illuminate\Container\Container.php(661): Illuminate\Container\BoundMethod::call(Object(Illuminate\Foundation\Application), Object(Closure), Array, NULL)
#24 C:\Users\mathe\Desktop\roadbuddy_php\vendor\laravel\framework\src\Illuminate\Support\ServiceProvider.php(119): Illuminate\Container\Container->call(Object(Closure))
#25 C:\Users\mathe\Desktop\roadbuddy_php\vendor\laravel\framework\src\Illuminate\Foundation\Application.php(932): Illuminate\Support\ServiceProvider->callBootedCallbacks()
#26 C:\Users\mathe\Desktop\roadbuddy_php\vendor\laravel\framework\src\Illuminate\Foundation\Application.php(910): Illuminate\Foundation\Application->bootProvider(Object(App\Providers\RouteServiceProvider))
#27 [internal function]: Illuminate\Foundation\Application->Illuminate\Foundation\{closure}(Object(App\Providers\RouteServiceProvider), 23)
#28 C:\Users\mathe\Desktop\roadbuddy_php\vendor\laravel\framework\src\Illuminate\Foundation\Application.php(911): array_walk(Array, Object(Closure))
#29 C:\Users\mathe\Desktop\roadbuddy_php\vendor\laravel\framework\src\Illuminate\Foundation\Bootstrap\BootProviders.php(17): Illuminate\Foundation\Application->boot()
#30 C:\Users\mathe\Desktop\roadbuddy_php\vendor\laravel\framework\src\Illuminate\Foundation\Application.php(242): Illuminate\Foundation\Bootstrap\BootProviders->bootstrap(Object(Illuminate\Foundation\Application))
#31 C:\Users\mathe\Desktop\roadbuddy_php\vendor\laravel\framework\src\Illuminate\Foundation\Http\Kernel.php(176): Illuminate\Foundation\Application->bootstrapWith(Array)
#32 C:\Users\mathe\Desktop\roadbuddy_php\vendor\laravel\framework\src\Illuminate\Foundation\Http\Kernel.php(160): Illuminate\Foundation\Http\Kernel->bootstrap()
#33 C:\Users\mathe\Desktop\roadbuddy_php\vendor\laravel\framework\src\Illuminate\Foundation\Http\Kernel.php(134): Illuminate\Foundation\Http\Kernel->sendRequestThroughRouter(Object(Illuminate\Http\Request))
#34 C:\Users\mathe\Desktop\roadbuddy_php\public\index.php(52): Illuminate\Foundation\Http\Kernel->handle(Object(Illuminate\Http\Request))
#35 C:\Users\mathe\Desktop\roadbuddy_php\vendor\laravel\framework\src\Illuminate\Foundation\resources\server.php(16): require_once('C:\\Users\\mathe\\...')
#36 {main}